{"timestamp": "2025-09-26T16:13:50.742384Z", "level": "DEBUG", "module": "test", "message": "This should go to debug.log only", "correlation_id": "test123"}
{"timestamp": "2025-09-26T16:13:50.742524Z", "level": "INFO", "module": "test", "message": "This should go to debug.log and console", "correlation_id": "test123"}
{"timestamp": "2025-09-26T16:17:14.414385Z", "level": "INFO", "module": "__main__", "message": "Starting service ID mismatch detection...", "correlation_id": "none"}
{"timestamp": "2025-09-26T16:17:14.414619Z", "level": "INFO", "module": "__main__", "message": "Checking jobs table...", "correlation_id": "none"}
{"timestamp": "2025-09-26T16:17:14.415357Z", "level": "INFO", "module": "__main__", "message": "Found 0 job table mismatches", "correlation_id": "none"}
{"timestamp": "2025-09-26T16:17:14.415509Z", "level": "INFO", "module": "__main__", "message": "Checking log file bot.log for last 7 days...", "correlation_id": "none"}
{"timestamp": "2025-09-26T16:17:14.415868Z", "level": "INFO", "module": "__main__", "message": "Found 0 log file mismatches", "correlation_id": "none"}
{"timestamp": "2025-09-26T16:17:14.416042Z", "level": "INFO", "module": "__main__", "message": "Analyzing provider configuration consistency...", "correlation_id": "none"}
{"timestamp": "2025-09-26T16:17:14.416193Z", "level": "INFO", "module": "__main__", "message": "Mismatch Summary:", "correlation_id": "none"}
{"timestamp": "2025-09-26T16:17:14.416333Z", "level": "INFO", "module": "__main__", "message": "Service ID mismatch detection completed", "correlation_id": "none"}
{"timestamp": "2025-09-26T16:23:26.970802Z", "level": "INFO", "module": "utils.job_system", "message": "Job system database initialized", "correlation_id": "none"}
{"timestamp": "2025-09-26T16:23:26.971274Z", "level": "DEBUG", "module": "asyncio", "message": "Using selector: EpollSelector", "correlation_id": "none"}
{"timestamp": "2025-09-26T16:23:26.974484Z", "level": "INFO", "module": "utils.job_system", "message": "Created boost job 101b8180-15e4-4e18-81de-f9cd3149ea9e for provider smmflare", "correlation_id": "91cb0b42", "user_id": 12345, "job_id": "101b8180-15e4-4e18-81de-f9cd3149ea9e", "provider_name": "smmflare"}
{"timestamp": "2025-09-26T16:25:51.991734Z", "level": "INFO", "module": "utils.job_system", "message": "Job system database initialized", "correlation_id": "none"}
{"timestamp": "2025-09-26T16:25:51.992237Z", "level": "DEBUG", "module": "asyncio", "message": "Using selector: EpollSelector", "correlation_id": "none"}
{"timestamp": "2025-09-26T16:25:51.995408Z", "level": "INFO", "module": "utils.job_system", "message": "Created boost job a33c1b62-90c8-44a1-aaf6-252c8b3f28f3 for provider smmflare", "correlation_id": "17e7d86b", "user_id": 12345, "job_id": "a33c1b62-90c8-44a1-aaf6-252c8b3f28f3", "provider_name": "smmflare"}
{"timestamp": "2025-09-26T16:25:52.067265Z", "level": "INFO", "module": "__main__", "message": "Starting service ID mismatch detection...", "correlation_id": "none"}
{"timestamp": "2025-09-26T16:25:52.067473Z", "level": "INFO", "module": "__main__", "message": "Checking jobs table...", "correlation_id": "none"}
{"timestamp": "2025-09-26T16:25:52.068069Z", "level": "INFO", "module": "__main__", "message": "Found 0 job table mismatches", "correlation_id": "none"}
{"timestamp": "2025-09-26T16:25:52.068214Z", "level": "INFO", "module": "__main__", "message": "Checking log file bot.log for last 7 days...", "correlation_id": "none"}
{"timestamp": "2025-09-26T16:25:52.068549Z", "level": "INFO", "module": "__main__", "message": "Found 0 log file mismatches", "correlation_id": "none"}
{"timestamp": "2025-09-26T16:25:52.068681Z", "level": "INFO", "module": "__main__", "message": "Analyzing provider configuration consistency...", "correlation_id": "none"}
{"timestamp": "2025-09-26T16:25:52.068810Z", "level": "INFO", "module": "__main__", "message": "Mismatch Summary:", "correlation_id": "none"}
{"timestamp": "2025-09-26T16:25:52.068927Z", "level": "INFO", "module": "__main__", "message": "Service ID mismatch detection completed", "correlation_id": "none"}
{"timestamp": "2025-09-26T17:16:11.016943Z", "level": "INFO", "module": "utils.graceful_shutdown", "message": "Signal handlers registered for graceful shutdown", "correlation_id": "none"}
{"timestamp": "2025-09-26T17:16:15.172754Z", "level": "INFO", "module": "utils.graceful_shutdown", "message": "Job queue database initialized", "correlation_id": "none"}
{"timestamp": "2025-09-26T17:16:15.234638Z", "level": "INFO", "module": "__main__", "message": "Bot is up and running!", "correlation_id": "none"}
{"timestamp": "2025-09-26T17:16:15.280510Z", "level": "DEBUG", "module": "asyncio", "message": "Using selector: EpollSelector", "correlation_id": "none"}
{"timestamp": "2025-09-26T17:16:15.281642Z", "level": "INFO", "module": "utils.graceful_shutdown", "message": "Starting graceful shutdown...", "correlation_id": "none"}
{"timestamp": "2025-09-26T17:16:15.282702Z", "level": "INFO", "module": "utils.graceful_shutdown", "message": "Phase 1: Stopping new work acceptance", "correlation_id": "none"}
{"timestamp": "2025-09-26T17:16:15.283581Z", "level": "INFO", "module": "utils.graceful_shutdown", "message": "Shutting down boost manager...", "correlation_id": "none"}
{"timestamp": "2025-09-26T17:16:15.284556Z", "level": "INFO", "module": "utils.boost_utils", "message": "[BoostManager] Cancelling all active boost tasks.", "correlation_id": "none"}
{"timestamp": "2025-09-26T17:16:15.287287Z", "level": "INFO", "module": "utils.boost_utils", "message": "[BoostManager] No active boost tasks to cancel.", "correlation_id": "none"}
{"timestamp": "2025-09-26T17:16:15.288322Z", "level": "INFO", "module": "utils.graceful_shutdown", "message": "Boost manager shutdown complete", "correlation_id": "none"}
{"timestamp": "2025-09-26T17:16:15.289311Z", "level": "INFO", "module": "utils.graceful_shutdown", "message": "No background tasks to shutdown", "correlation_id": "none"}
{"timestamp": "2025-09-26T17:16:15.290350Z", "level": "INFO", "module": "utils.graceful_shutdown", "message": "Running 1 cleanup callbacks...", "correlation_id": "none"}
{"timestamp": "2025-09-26T17:16:15.290751Z", "level": "INFO", "module": "__main__", "message": "Performing startup recovery...", "correlation_id": "none"}
{"timestamp": "2025-09-26T17:16:15.292201Z", "level": "INFO", "module": "utils.graceful_shutdown", "message": "Phase 5: Cleaning up remaining jobs", "correlation_id": "none"}
{"timestamp": "2025-09-26T17:16:15.294127Z", "level": "INFO", "module": "utils.graceful_shutdown", "message": "Graceful shutdown completed successfully", "correlation_id": "none"}
{"timestamp": "2025-09-27T09:45:22.580617Z", "level": "INFO", "module": "utils.graceful_shutdown", "message": "Signal handlers registered for graceful shutdown", "correlation_id": "none"}
{"timestamp": "2025-09-27T09:45:24.027146Z", "level": "INFO", "module": "utils.graceful_shutdown", "message": "Job queue database initialized", "correlation_id": "none"}
{"timestamp": "2025-09-27T09:45:24.088915Z", "level": "INFO", "module": "__main__", "message": "Bot is up and running!", "correlation_id": "none"}
{"timestamp": "2025-09-27T09:45:24.089597Z", "level": "DEBUG", "module": "asyncio", "message": "Using selector: EpollSelector", "correlation_id": "none"}
{"timestamp": "2025-09-27T09:45:24.090135Z", "level": "INFO", "module": "__main__", "message": "Performing startup recovery...", "correlation_id": "none"}
{"timestamp": "2025-09-27T09:45:24.133155Z", "level": "DEBUG", "module": "asyncio", "message": "Using selector: EpollSelector", "correlation_id": "none"}
{"timestamp": "2025-09-27T09:45:24.133862Z", "level": "INFO", "module": "utils.graceful_shutdown", "message": "Starting graceful shutdown...", "correlation_id": "none"}
{"timestamp": "2025-09-27T09:45:24.134291Z", "level": "INFO", "module": "utils.graceful_shutdown", "message": "Phase 1: Stopping new work acceptance", "correlation_id": "none"}
{"timestamp": "2025-09-27T09:45:24.134720Z", "level": "INFO", "module": "utils.graceful_shutdown", "message": "Shutting down boost manager...", "correlation_id": "none"}
{"timestamp": "2025-09-27T09:45:24.135170Z", "level": "INFO", "module": "utils.boost_utils", "message": "[BoostManager] Cancelling all active boost tasks.", "correlation_id": "none"}
{"timestamp": "2025-09-27T09:45:24.135668Z", "level": "INFO", "module": "utils.boost_utils", "message": "[BoostManager] No active boost tasks to cancel.", "correlation_id": "none"}
{"timestamp": "2025-09-27T09:45:24.136046Z", "level": "INFO", "module": "utils.graceful_shutdown", "message": "Boost manager shutdown complete", "correlation_id": "none"}
{"timestamp": "2025-09-27T09:45:24.136437Z", "level": "INFO", "module": "utils.graceful_shutdown", "message": "No background tasks to shutdown", "correlation_id": "none"}
{"timestamp": "2025-09-27T09:45:24.136830Z", "level": "INFO", "module": "utils.graceful_shutdown", "message": "Running 1 cleanup callbacks...", "correlation_id": "none"}
{"timestamp": "2025-09-27T09:45:24.137244Z", "level": "INFO", "module": "__main__", "message": "Performing startup recovery...", "correlation_id": "none"}
{"timestamp": "2025-09-27T09:45:24.138464Z", "level": "INFO", "module": "utils.graceful_shutdown", "message": "Phase 5: Cleaning up remaining jobs", "correlation_id": "none"}
{"timestamp": "2025-09-27T09:45:24.139667Z", "level": "INFO", "module": "utils.graceful_shutdown", "message": "Graceful shutdown completed successfully", "correlation_id": "none"}
{"timestamp": "2025-09-27T09:51:21.912620Z", "level": "INFO", "module": "utils.graceful_shutdown", "message": "Signal handlers registered for graceful shutdown", "correlation_id": "none"}
{"timestamp": "2025-09-27T09:51:21.913646Z", "level": "INFO", "module": "utils.graceful_shutdown", "message": "Job queue database initialized", "correlation_id": "none"}
{"timestamp": "2025-09-27T09:51:21.945623Z", "level": "INFO", "module": "__main__", "message": "Bot is up and running!", "correlation_id": "none"}
{"timestamp": "2025-09-27T09:51:21.946272Z", "level": "DEBUG", "module": "asyncio", "message": "Using selector: EpollSelector", "correlation_id": "none"}
{"timestamp": "2025-09-27T09:51:21.946686Z", "level": "INFO", "module": "__main__", "message": "Performing startup recovery...", "correlation_id": "none"}
{"timestamp": "2025-09-27T09:51:21.949990Z", "level": "DEBUG", "module": "asyncio", "message": "Using selector: EpollSelector", "correlation_id": "none"}
{"timestamp": "2025-09-27T09:51:21.950406Z", "level": "INFO", "module": "utils.graceful_shutdown", "message": "Starting graceful shutdown...", "correlation_id": "none"}
{"timestamp": "2025-09-27T09:51:21.950735Z", "level": "INFO", "module": "utils.graceful_shutdown", "message": "Phase 1: Stopping new work acceptance", "correlation_id": "none"}
{"timestamp": "2025-09-27T09:51:21.951129Z", "level": "INFO", "module": "utils.graceful_shutdown", "message": "Shutting down boost manager...", "correlation_id": "none"}
{"timestamp": "2025-09-27T09:51:21.951609Z", "level": "INFO", "module": "utils.boost_utils", "message": "[BoostManager] Cancelling all active boost tasks.", "correlation_id": "none"}
{"timestamp": "2025-09-27T09:51:21.952107Z", "level": "INFO", "module": "utils.boost_utils", "message": "[BoostManager] No active boost tasks to cancel.", "correlation_id": "none"}
{"timestamp": "2025-09-27T09:51:21.952565Z", "level": "INFO", "module": "utils.graceful_shutdown", "message": "Boost manager shutdown complete", "correlation_id": "none"}
{"timestamp": "2025-09-27T09:51:21.952980Z", "level": "INFO", "module": "utils.graceful_shutdown", "message": "No background tasks to shutdown", "correlation_id": "none"}
{"timestamp": "2025-09-27T09:51:21.953440Z", "level": "INFO", "module": "utils.graceful_shutdown", "message": "Running 1 cleanup callbacks...", "correlation_id": "none"}
{"timestamp": "2025-09-27T09:51:21.953886Z", "level": "INFO", "module": "__main__", "message": "Performing startup recovery...", "correlation_id": "none"}
{"timestamp": "2025-09-27T09:51:21.955127Z", "level": "INFO", "module": "utils.graceful_shutdown", "message": "Phase 5: Cleaning up remaining jobs", "correlation_id": "none"}
{"timestamp": "2025-09-27T09:51:21.956404Z", "level": "INFO", "module": "utils.graceful_shutdown", "message": "Graceful shutdown completed successfully", "correlation_id": "none"}
{"timestamp": "2025-09-27T09:51:21.960796Z", "level": "DEBUG", "module": "asyncio", "message": "Using selector: EpollSelector", "correlation_id": "none"}
{"timestamp": "2025-09-27T09:55:29.180605Z", "level": "DEBUG", "module": "asyncio", "message": "Using selector: EpollSelector", "correlation_id": "none"}
{"timestamp": "2025-09-27T09:55:29.183832Z", "level": "INFO", "module": "utils.graceful_shutdown", "message": "Signal handlers registered for graceful shutdown", "correlation_id": "none"}
{"timestamp": "2025-09-27T09:55:29.185136Z", "level": "INFO", "module": "utils.graceful_shutdown", "message": "Job queue database initialized", "correlation_id": "none"}
{"timestamp": "2025-09-27T09:55:29.216111Z", "level": "INFO", "module": "__main__", "message": "Bot is up and running!", "correlation_id": "none"}
{"timestamp": "2025-09-27T09:55:29.216432Z", "level": "INFO", "module": "__main__", "message": "Performing startup recovery...", "correlation_id": "none"}
{"timestamp": "2025-09-27T09:55:30.055943Z", "level": "INFO", "module": "apscheduler.scheduler", "message": "Scheduler started", "correlation_id": "none"}
{"timestamp": "2025-09-27T09:55:30.058342Z", "level": "INFO", "module": "utils.graceful_shutdown", "message": "Starting graceful shutdown...", "correlation_id": "none"}
{"timestamp": "2025-09-27T09:55:30.058748Z", "level": "INFO", "module": "utils.graceful_shutdown", "message": "Phase 1: Stopping new work acceptance", "correlation_id": "none"}
{"timestamp": "2025-09-27T09:55:30.059045Z", "level": "INFO", "module": "utils.graceful_shutdown", "message": "Shutting down boost manager...", "correlation_id": "none"}
{"timestamp": "2025-09-27T09:55:30.059520Z", "level": "INFO", "module": "utils.boost_utils", "message": "[BoostManager] Cancelling all active boost tasks.", "correlation_id": "none"}
{"timestamp": "2025-09-27T09:55:30.060022Z", "level": "INFO", "module": "utils.boost_utils", "message": "[BoostManager] No active boost tasks to cancel.", "correlation_id": "none"}
{"timestamp": "2025-09-27T09:55:30.060510Z", "level": "INFO", "module": "utils.graceful_shutdown", "message": "Boost manager shutdown complete", "correlation_id": "none"}
{"timestamp": "2025-09-27T09:55:30.060898Z", "level": "INFO", "module": "utils.graceful_shutdown", "message": "No background tasks to shutdown", "correlation_id": "none"}
{"timestamp": "2025-09-27T09:55:30.061331Z", "level": "INFO", "module": "utils.graceful_shutdown", "message": "Running 1 cleanup callbacks...", "correlation_id": "none"}
{"timestamp": "2025-09-27T09:55:30.061760Z", "level": "INFO", "module": "__main__", "message": "Performing startup recovery...", "correlation_id": "none"}
{"timestamp": "2025-09-27T09:55:30.062907Z", "level": "INFO", "module": "utils.graceful_shutdown", "message": "Phase 5: Cleaning up remaining jobs", "correlation_id": "none"}
{"timestamp": "2025-09-27T09:55:30.064010Z", "level": "INFO", "module": "utils.graceful_shutdown", "message": "Graceful shutdown completed successfully", "correlation_id": "none"}
{"timestamp": "2025-09-27T09:55:30.064579Z", "level": "DEBUG", "module": "apscheduler.scheduler", "message": "Looking for jobs to run", "correlation_id": "none"}
{"timestamp": "2025-09-27T09:55:30.064982Z", "level": "DEBUG", "module": "apscheduler.scheduler", "message": "No jobs; waiting until a job is added", "correlation_id": "none"}
{"timestamp": "2025-09-27T10:03:11.332245Z", "level": "DEBUG", "module": "asyncio", "message": "Using selector: EpollSelector", "correlation_id": "none"}
{"timestamp": "2025-09-27T10:03:11.336019Z", "level": "INFO", "module": "utils.graceful_shutdown", "message": "Signal handlers registered for graceful shutdown", "correlation_id": "none"}
{"timestamp": "2025-09-27T10:03:11.337464Z", "level": "INFO", "module": "utils.graceful_shutdown", "message": "Job queue database initialized", "correlation_id": "none"}
{"timestamp": "2025-09-27T10:03:11.397245Z", "level": "INFO", "module": "__main__", "message": "Bot is up and running!", "correlation_id": "none"}
{"timestamp": "2025-09-27T10:03:11.397856Z", "level": "INFO", "module": "__main__", "message": "Performing startup recovery...", "correlation_id": "none"}
{"timestamp": "2025-09-27T10:03:11.549983Z", "level": "INFO", "module": "utils.graceful_shutdown", "message": "Starting graceful shutdown...", "correlation_id": "none"}
{"timestamp": "2025-09-27T10:03:11.550775Z", "level": "INFO", "module": "utils.graceful_shutdown", "message": "Phase 1: Stopping new work acceptance", "correlation_id": "none"}
{"timestamp": "2025-09-27T10:03:11.551578Z", "level": "INFO", "module": "utils.graceful_shutdown", "message": "Shutting down boost manager...", "correlation_id": "none"}
{"timestamp": "2025-09-27T10:03:11.552232Z", "level": "INFO", "module": "utils.boost_utils", "message": "[BoostManager] Cancelling all active boost tasks.", "correlation_id": "none"}
{"timestamp": "2025-09-27T10:03:11.552712Z", "level": "INFO", "module": "utils.boost_utils", "message": "[BoostManager] No active boost tasks to cancel.", "correlation_id": "none"}
{"timestamp": "2025-09-27T10:03:11.553087Z", "level": "INFO", "module": "utils.graceful_shutdown", "message": "Boost manager shutdown complete", "correlation_id": "none"}
{"timestamp": "2025-09-27T10:03:11.555345Z", "level": "INFO", "module": "utils.graceful_shutdown", "message": "No background tasks to shutdown", "correlation_id": "none"}
{"timestamp": "2025-09-27T10:03:11.555758Z", "level": "INFO", "module": "utils.graceful_shutdown", "message": "Running 1 cleanup callbacks...", "correlation_id": "none"}
{"timestamp": "2025-09-27T10:03:11.556151Z", "level": "INFO", "module": "__main__", "message": "Performing startup recovery...", "correlation_id": "none"}
{"timestamp": "2025-09-27T10:03:11.558412Z", "level": "INFO", "module": "utils.graceful_shutdown", "message": "Phase 5: Cleaning up remaining jobs", "correlation_id": "none"}
{"timestamp": "2025-09-27T10:03:11.559810Z", "level": "INFO", "module": "utils.graceful_shutdown", "message": "Graceful shutdown completed successfully", "correlation_id": "none"}
{"timestamp": "2025-09-27T10:05:38.495782Z", "level": "DEBUG", "module": "asyncio", "message": "Using selector: EpollSelector", "correlation_id": "none"}
{"timestamp": "2025-09-27T10:05:38.498845Z", "level": "INFO", "module": "utils.graceful_shutdown", "message": "Signal handlers registered for graceful shutdown", "correlation_id": "none"}
{"timestamp": "2025-09-27T10:05:38.500106Z", "level": "INFO", "module": "utils.graceful_shutdown", "message": "Job queue database initialized", "correlation_id": "none"}
{"timestamp": "2025-09-27T10:05:38.541767Z", "level": "INFO", "module": "__main__", "message": "Bot is up and running!", "correlation_id": "none"}
{"timestamp": "2025-09-27T10:05:38.542152Z", "level": "INFO", "module": "__main__", "message": "Performing startup recovery...", "correlation_id": "none"}
{"timestamp": "2025-09-27T10:05:39.584698Z", "level": "INFO", "module": "apscheduler.scheduler", "message": "Scheduler started", "correlation_id": "none"}
{"timestamp": "2025-09-27T10:05:39.585711Z", "level": "DEBUG", "module": "apscheduler.scheduler", "message": "Looking for jobs to run", "correlation_id": "none"}
{"timestamp": "2025-09-27T10:05:39.586014Z", "level": "DEBUG", "module": "apscheduler.scheduler", "message": "No jobs; waiting until a job is added", "correlation_id": "none"}
{"timestamp": "2025-09-27T10:05:39.769793Z", "level": "INFO", "module": "__main__", "message": "Updater polling started (via app.updater.start_polling()).", "correlation_id": "none"}
{"timestamp": "2025-09-27T10:05:39.770176Z", "level": "INFO", "module": "__main__", "message": "No shutdown_event found on shutdown_manager. Waiting until cancelled (Ctrl+C).", "correlation_id": "none"}
{"timestamp": "2025-09-27T10:09:57.429052Z", "level": "INFO", "module": "utils.graceful_shutdown", "message": "Received signal 2, initiating graceful shutdown...", "correlation_id": "none"}
{"timestamp": "2025-09-27T10:09:57.672072Z", "level": "INFO", "module": "utils.graceful_shutdown", "message": "Received signal 2, initiating graceful shutdown...", "correlation_id": "none"}
{"timestamp": "2025-09-27T10:09:57.904682Z", "level": "INFO", "module": "utils.graceful_shutdown", "message": "Received signal 2, initiating graceful shutdown...", "correlation_id": "none"}
{"timestamp": "2025-09-27T10:09:58.113850Z", "level": "INFO", "module": "utils.graceful_shutdown", "message": "Received signal 2, initiating graceful shutdown...", "correlation_id": "none"}
{"timestamp": "2025-09-27T10:09:58.326960Z", "level": "INFO", "module": "utils.graceful_shutdown", "message": "Received signal 2, initiating graceful shutdown...", "correlation_id": "none"}
{"timestamp": "2025-09-27T10:09:58.494822Z", "level": "INFO", "module": "utils.graceful_shutdown", "message": "Received signal 2, initiating graceful shutdown...", "correlation_id": "none"}
{"timestamp": "2025-09-27T10:09:58.697784Z", "level": "INFO", "module": "utils.graceful_shutdown", "message": "Received signal 2, initiating graceful shutdown...", "correlation_id": "none"}
{"timestamp": "2025-09-27T10:09:59.171115Z", "level": "INFO", "module": "utils.graceful_shutdown", "message": "Received signal 2, initiating graceful shutdown...", "correlation_id": "none"}
{"timestamp": "2025-09-27T10:10:02.014160Z", "level": "INFO", "module": "utils.graceful_shutdown", "message": "Received signal 2, initiating graceful shutdown...", "correlation_id": "none"}
{"timestamp": "2025-09-27T10:12:23.655152Z", "level": "INFO", "module": "utils.graceful_shutdown", "message": "Received signal 2, initiating graceful shutdown...", "correlation_id": "none"}
{"timestamp": "2025-09-27T10:30:25.289791Z", "level": "DEBUG", "module": "asyncio", "message": "Using selector: EpollSelector", "correlation_id": "none"}
{"timestamp": "2025-09-27T10:30:25.293125Z", "level": "DEBUG", "module": "utils.graceful_shutdown", "message": "Shutdown event created and bound to running loop", "correlation_id": "none"}
{"timestamp": "2025-09-27T10:30:25.293522Z", "level": "INFO", "module": "utils.graceful_shutdown", "message": "Signal handlers registered for graceful shutdown", "correlation_id": "none"}
{"timestamp": "2025-09-27T10:30:25.294839Z", "level": "INFO", "module": "utils.graceful_shutdown", "message": "Job queue database initialized", "correlation_id": "none"}
{"timestamp": "2025-09-27T10:30:25.350394Z", "level": "INFO", "module": "__main__", "message": "Bot is up and running!", "correlation_id": "none"}
{"timestamp": "2025-09-27T10:30:25.350826Z", "level": "INFO", "module": "__main__", "message": "Performing startup recovery...", "correlation_id": "none"}
{"timestamp": "2025-09-27T10:30:26.311720Z", "level": "INFO", "module": "apscheduler.scheduler", "message": "Scheduler started", "correlation_id": "none"}
{"timestamp": "2025-09-27T10:30:26.312840Z", "level": "DEBUG", "module": "apscheduler.scheduler", "message": "Looking for jobs to run", "correlation_id": "none"}
{"timestamp": "2025-09-27T10:30:26.313195Z", "level": "DEBUG", "module": "apscheduler.scheduler", "message": "No jobs; waiting until a job is added", "correlation_id": "none"}
{"timestamp": "2025-09-27T10:30:26.485949Z", "level": "INFO", "module": "__main__", "message": "Updater polling started (via app.updater.start_polling()).", "correlation_id": "none"}
{"timestamp": "2025-09-27T10:30:26.486384Z", "level": "INFO", "module": "__main__", "message": "Waiting for shutdown_event from shutdown_manager...", "correlation_id": "none"}
{"timestamp": "2025-09-27T10:35:17.616381Z", "level": "INFO", "module": "utils.graceful_shutdown", "message": "Received signal 2, initiating graceful shutdown...", "correlation_id": "none"}
{"timestamp": "2025-09-27T10:35:17.617513Z", "level": "INFO", "module": "utils.graceful_shutdown", "message": "Starting graceful shutdown...", "correlation_id": "none"}
{"timestamp": "2025-09-27T10:35:17.620509Z", "level": "INFO", "module": "utils.graceful_shutdown", "message": "Phase 1: Stopping new work acceptance", "correlation_id": "none"}
{"timestamp": "2025-09-27T10:35:17.620940Z", "level": "INFO", "module": "utils.graceful_shutdown", "message": "Shutting down boost manager...", "correlation_id": "none"}
{"timestamp": "2025-09-27T10:35:17.622627Z", "level": "INFO", "module": "utils.boost_utils", "message": "[BoostManager] Cancelling all active boost tasks.", "correlation_id": "none"}
{"timestamp": "2025-09-27T10:35:17.624572Z", "level": "INFO", "module": "utils.boost_utils", "message": "[BoostManager] No active boost tasks to cancel.", "correlation_id": "none"}
{"timestamp": "2025-09-27T10:35:17.627882Z", "level": "INFO", "module": "utils.graceful_shutdown", "message": "Boost manager shutdown complete", "correlation_id": "none"}
{"timestamp": "2025-09-27T10:35:17.630519Z", "level": "INFO", "module": "utils.graceful_shutdown", "message": "No background tasks to shutdown", "correlation_id": "none"}
{"timestamp": "2025-09-27T10:35:17.631775Z", "level": "INFO", "module": "utils.graceful_shutdown", "message": "Running 1 cleanup callbacks...", "correlation_id": "none"}
{"timestamp": "2025-09-27T10:35:17.633468Z", "level": "INFO", "module": "__main__", "message": "Performing startup recovery...", "correlation_id": "none"}
{"timestamp": "2025-09-27T10:35:17.636580Z", "level": "INFO", "module": "utils.graceful_shutdown", "message": "Phase 5: Cleaning up remaining jobs", "correlation_id": "none"}
{"timestamp": "2025-09-27T10:35:17.639523Z", "level": "INFO", "module": "utils.graceful_shutdown", "message": "Graceful shutdown completed successfully", "correlation_id": "none"}
{"timestamp": "2025-09-27T10:35:17.643438Z", "level": "INFO", "module": "__main__", "message": "Starting clean shutdown of Application and background managers...", "correlation_id": "none"}
{"timestamp": "2025-09-27T10:35:17.645906Z", "level": "INFO", "module": "apscheduler.scheduler", "message": "Scheduler has been shut down", "correlation_id": "none"}
{"timestamp": "2025-09-27T10:35:17.701299Z", "level": "INFO", "module": "__main__", "message": "Shutdown complete.", "correlation_id": "none"}
{"timestamp": "2025-09-27T10:35:51.352626Z", "level": "DEBUG", "module": "asyncio", "message": "Using selector: EpollSelector", "correlation_id": "none"}
{"timestamp": "2025-09-27T10:35:51.356188Z", "level": "DEBUG", "module": "utils.graceful_shutdown", "message": "Shutdown event created and bound to running loop", "correlation_id": "none"}
{"timestamp": "2025-09-27T10:35:51.356628Z", "level": "INFO", "module": "utils.graceful_shutdown", "message": "Signal handlers registered for graceful shutdown", "correlation_id": "none"}
{"timestamp": "2025-09-27T10:35:51.357940Z", "level": "INFO", "module": "utils.graceful_shutdown", "message": "Job queue database initialized", "correlation_id": "none"}
{"timestamp": "2025-09-27T10:35:51.388990Z", "level": "INFO", "module": "__main__", "message": "Bot is up and running!", "correlation_id": "none"}
{"timestamp": "2025-09-27T10:35:51.389452Z", "level": "INFO", "module": "__main__", "message": "Performing startup recovery...", "correlation_id": "none"}
{"timestamp": "2025-09-27T10:35:52.824711Z", "level": "INFO", "module": "apscheduler.scheduler", "message": "Scheduler started", "correlation_id": "none"}
{"timestamp": "2025-09-27T10:35:52.827390Z", "level": "DEBUG", "module": "apscheduler.scheduler", "message": "Looking for jobs to run", "correlation_id": "none"}
{"timestamp": "2025-09-27T10:35:52.827786Z", "level": "DEBUG", "module": "apscheduler.scheduler", "message": "No jobs; waiting until a job is added", "correlation_id": "none"}
{"timestamp": "2025-09-27T10:35:53.234200Z", "level": "INFO", "module": "__main__", "message": "Updater polling started (via app.updater.start_polling()).", "correlation_id": "none"}
{"timestamp": "2025-09-27T10:35:53.234659Z", "level": "INFO", "module": "__main__", "message": "Waiting for shutdown_event from shutdown_manager...", "correlation_id": "none"}
{"timestamp": "2025-09-27T10:35:55.296861Z", "level": "INFO", "module": "utils.graceful_shutdown", "message": "Received signal 2, initiating graceful shutdown...", "correlation_id": "none"}
{"timestamp": "2025-09-27T10:35:55.297450Z", "level": "INFO", "module": "utils.graceful_shutdown", "message": "Starting graceful shutdown...", "correlation_id": "none"}
{"timestamp": "2025-09-27T10:35:55.297853Z", "level": "INFO", "module": "utils.graceful_shutdown", "message": "Phase 1: Stopping new work acceptance", "correlation_id": "none"}
{"timestamp": "2025-09-27T10:35:55.298274Z", "level": "INFO", "module": "utils.graceful_shutdown", "message": "Shutting down boost manager...", "correlation_id": "none"}
{"timestamp": "2025-09-27T10:35:55.298727Z", "level": "INFO", "module": "utils.boost_utils", "message": "[BoostManager] Cancelling all active boost tasks.", "correlation_id": "none"}
{"timestamp": "2025-09-27T10:35:55.299187Z", "level": "INFO", "module": "utils.boost_utils", "message": "[BoostManager] No active boost tasks to cancel.", "correlation_id": "none"}
{"timestamp": "2025-09-27T10:35:55.299654Z", "level": "INFO", "module": "utils.graceful_shutdown", "message": "Boost manager shutdown complete", "correlation_id": "none"}
{"timestamp": "2025-09-27T10:35:55.300054Z", "level": "INFO", "module": "utils.graceful_shutdown", "message": "No background tasks to shutdown", "correlation_id": "none"}
{"timestamp": "2025-09-27T10:35:55.300505Z", "level": "INFO", "module": "utils.graceful_shutdown", "message": "Running 1 cleanup callbacks...", "correlation_id": "none"}
{"timestamp": "2025-09-27T10:35:55.301014Z", "level": "INFO", "module": "__main__", "message": "Performing startup recovery...", "correlation_id": "none"}
{"timestamp": "2025-09-27T10:35:55.302294Z", "level": "INFO", "module": "utils.graceful_shutdown", "message": "Phase 5: Cleaning up remaining jobs", "correlation_id": "none"}
{"timestamp": "2025-09-27T10:35:55.303479Z", "level": "INFO", "module": "utils.graceful_shutdown", "message": "Graceful shutdown completed successfully", "correlation_id": "none"}
{"timestamp": "2025-09-27T10:35:55.304099Z", "level": "INFO", "module": "__main__", "message": "Starting clean shutdown of Application and background managers...", "correlation_id": "none"}
{"timestamp": "2025-09-27T10:35:55.304967Z", "level": "INFO", "module": "apscheduler.scheduler", "message": "Scheduler has been shut down", "correlation_id": "none"}
{"timestamp": "2025-09-27T10:35:55.323834Z", "level": "INFO", "module": "__main__", "message": "Shutdown complete.", "correlation_id": "none"}
{"timestamp": "2025-09-27T10:39:25.616797Z", "level": "DEBUG", "module": "asyncio", "message": "Using selector: EpollSelector", "correlation_id": "none"}
{"timestamp": "2025-09-27T10:39:25.620523Z", "level": "DEBUG", "module": "utils.graceful_shutdown", "message": "Shutdown event created and bound to running loop", "correlation_id": "none"}
{"timestamp": "2025-09-27T10:39:25.620954Z", "level": "INFO", "module": "utils.graceful_shutdown", "message": "Signal handlers registered for graceful shutdown", "correlation_id": "none"}
{"timestamp": "2025-09-27T10:39:25.622290Z", "level": "INFO", "module": "utils.graceful_shutdown", "message": "Job queue database initialized", "correlation_id": "none"}
{"timestamp": "2025-09-27T10:39:25.663535Z", "level": "DEBUG", "module": "utils.graceful_shutdown", "message": "GracefulShutdownManager: app attached and shutdown_event bound to running loop", "correlation_id": "none"}
{"timestamp": "2025-09-27T10:39:25.665333Z", "level": "INFO", "module": "__main__", "message": "Bot is up and running!", "correlation_id": "none"}
{"timestamp": "2025-09-27T10:39:25.665623Z", "level": "INFO", "module": "__main__", "message": "Performing startup recovery...", "correlation_id": "none"}
{"timestamp": "2025-09-27T10:39:26.306711Z", "level": "INFO", "module": "apscheduler.scheduler", "message": "Scheduler started", "correlation_id": "none"}
{"timestamp": "2025-09-27T10:39:26.307653Z", "level": "DEBUG", "module": "apscheduler.scheduler", "message": "Looking for jobs to run", "correlation_id": "none"}
{"timestamp": "2025-09-27T10:39:26.307869Z", "level": "DEBUG", "module": "apscheduler.scheduler", "message": "No jobs; waiting until a job is added", "correlation_id": "none"}
{"timestamp": "2025-09-27T10:39:26.453529Z", "level": "INFO", "module": "__main__", "message": "Updater polling started (via app.updater.start_polling()).", "correlation_id": "none"}
{"timestamp": "2025-09-27T10:39:26.453917Z", "level": "INFO", "module": "__main__", "message": "Waiting for shutdown_event from shutdown_manager...", "correlation_id": "none"}
{"timestamp": "2025-09-27T10:39:28.526589Z", "level": "INFO", "module": "utils.graceful_shutdown", "message": "Received signal 2, initiating graceful shutdown...", "correlation_id": "none"}
{"timestamp": "2025-09-27T10:39:28.527248Z", "level": "INFO", "module": "utils.graceful_shutdown", "message": "Starting graceful shutdown...", "correlation_id": "none"}
{"timestamp": "2025-09-27T10:39:28.527836Z", "level": "INFO", "module": "__main__", "message": "Starting clean shutdown of Application and background managers...", "correlation_id": "none"}
{"timestamp": "2025-09-27T10:39:28.528300Z", "level": "INFO", "module": "utils.graceful_shutdown", "message": "Telegram HTTP client aclosed successfully", "correlation_id": "none"}
{"timestamp": "2025-09-27T10:39:28.528645Z", "level": "INFO", "module": "utils.graceful_shutdown", "message": "Phase 1: Stopping new work acceptance", "correlation_id": "none"}
{"timestamp": "2025-09-27T10:39:28.528998Z", "level": "INFO", "module": "utils.graceful_shutdown", "message": "Shutting down boost manager...", "correlation_id": "none"}
{"timestamp": "2025-09-27T10:39:28.529548Z", "level": "INFO", "module": "utils.boost_utils", "message": "[BoostManager] Cancelling all active boost tasks.", "correlation_id": "none"}
{"timestamp": "2025-09-27T10:39:28.530501Z", "level": "INFO", "module": "utils.boost_utils", "message": "[BoostManager] No active boost tasks to cancel.", "correlation_id": "none"}
{"timestamp": "2025-09-27T10:39:28.531059Z", "level": "INFO", "module": "utils.graceful_shutdown", "message": "Boost manager shutdown complete", "correlation_id": "none"}
{"timestamp": "2025-09-27T10:39:28.531842Z", "level": "INFO", "module": "utils.graceful_shutdown", "message": "No background tasks to shutdown", "correlation_id": "none"}
{"timestamp": "2025-09-27T10:39:28.533093Z", "level": "INFO", "module": "utils.graceful_shutdown", "message": "Running 1 cleanup callbacks...", "correlation_id": "none"}
{"timestamp": "2025-09-27T10:39:28.533577Z", "level": "INFO", "module": "__main__", "message": "Performing startup recovery...", "correlation_id": "none"}
{"timestamp": "2025-09-27T10:39:28.534849Z", "level": "INFO", "module": "utils.graceful_shutdown", "message": "Phase 5: Cleaning up remaining jobs", "correlation_id": "none"}
{"timestamp": "2025-09-27T10:39:28.536128Z", "level": "INFO", "module": "utils.graceful_shutdown", "message": "Graceful shutdown completed successfully", "correlation_id": "none"}
{"timestamp": "2025-09-27T10:39:28.536960Z", "level": "INFO", "module": "apscheduler.scheduler", "message": "Scheduler has been shut down", "correlation_id": "none"}
{"timestamp": "2025-09-27T10:39:28.557777Z", "level": "INFO", "module": "__main__", "message": "Shutdown complete.", "correlation_id": "none"}
{"timestamp": "2025-09-27T10:41:17.104294Z", "level": "DEBUG", "module": "asyncio", "message": "Using selector: EpollSelector", "correlation_id": "none"}
{"timestamp": "2025-09-27T10:41:17.108307Z", "level": "INFO", "module": "utils.graceful_shutdown", "message": "Job queue database initialized", "correlation_id": "none"}
{"timestamp": "2025-09-27T10:41:17.139759Z", "level": "DEBUG", "module": "utils.graceful_shutdown", "message": "GracefulShutdownManager: app attached and shutdown_event bound to running loop", "correlation_id": "none"}
{"timestamp": "2025-09-27T10:41:17.140046Z", "level": "DEBUG", "module": "utils.graceful_shutdown", "message": "Shutdown event created and bound to running loop", "correlation_id": "none"}
{"timestamp": "2025-09-27T10:41:17.140381Z", "level": "INFO", "module": "utils.graceful_shutdown", "message": "Signal handlers registered for graceful shutdown", "correlation_id": "none"}
{"timestamp": "2025-09-27T10:41:17.142799Z", "level": "INFO", "module": "__main__", "message": "Bot is up and running!", "correlation_id": "none"}
{"timestamp": "2025-09-27T10:41:17.143250Z", "level": "INFO", "module": "__main__", "message": "Performing startup recovery...", "correlation_id": "none"}
{"timestamp": "2025-09-27T10:41:17.831368Z", "level": "INFO", "module": "apscheduler.scheduler", "message": "Scheduler started", "correlation_id": "none"}
{"timestamp": "2025-09-27T10:41:17.832533Z", "level": "DEBUG", "module": "apscheduler.scheduler", "message": "Looking for jobs to run", "correlation_id": "none"}
{"timestamp": "2025-09-27T10:41:17.832790Z", "level": "DEBUG", "module": "apscheduler.scheduler", "message": "No jobs; waiting until a job is added", "correlation_id": "none"}
{"timestamp": "2025-09-27T10:41:18.015623Z", "level": "INFO", "module": "__main__", "message": "Updater polling started (via app.updater.start_polling()).", "correlation_id": "none"}
{"timestamp": "2025-09-27T10:41:18.015959Z", "level": "INFO", "module": "__main__", "message": "Waiting for shutdown_event from shutdown_manager...", "correlation_id": "none"}
{"timestamp": "2025-09-27T10:41:20.274083Z", "level": "INFO", "module": "utils.graceful_shutdown", "message": "Received signal 2, initiating graceful shutdown...", "correlation_id": "none"}
{"timestamp": "2025-09-27T10:41:20.274824Z", "level": "INFO", "module": "utils.graceful_shutdown", "message": "Starting graceful shutdown...", "correlation_id": "none"}
{"timestamp": "2025-09-27T10:41:20.275518Z", "level": "INFO", "module": "__main__", "message": "Starting clean shutdown of Application and background managers...", "correlation_id": "none"}
{"timestamp": "2025-09-27T10:41:20.276541Z", "level": "INFO", "module": "utils.graceful_shutdown", "message": "Telegram HTTP client aclosed successfully", "correlation_id": "none"}
{"timestamp": "2025-09-27T10:41:20.276945Z", "level": "INFO", "module": "utils.graceful_shutdown", "message": "Phase 1: Stopping new work acceptance", "correlation_id": "none"}
{"timestamp": "2025-09-27T10:41:20.277338Z", "level": "INFO", "module": "utils.graceful_shutdown", "message": "Shutting down boost manager...", "correlation_id": "none"}
{"timestamp": "2025-09-27T10:41:20.277764Z", "level": "INFO", "module": "utils.boost_utils", "message": "[BoostManager] Cancelling all active boost tasks.", "correlation_id": "none"}
{"timestamp": "2025-09-27T10:41:20.278192Z", "level": "INFO", "module": "utils.boost_utils", "message": "[BoostManager] No active boost tasks to cancel.", "correlation_id": "none"}
{"timestamp": "2025-09-27T10:41:20.278501Z", "level": "INFO", "module": "utils.graceful_shutdown", "message": "Boost manager shutdown complete", "correlation_id": "none"}
{"timestamp": "2025-09-27T10:41:20.278873Z", "level": "INFO", "module": "utils.graceful_shutdown", "message": "No background tasks to shutdown", "correlation_id": "none"}
{"timestamp": "2025-09-27T10:41:20.279487Z", "level": "INFO", "module": "utils.graceful_shutdown", "message": "Running 1 cleanup callbacks...", "correlation_id": "none"}
{"timestamp": "2025-09-27T10:41:20.279927Z", "level": "INFO", "module": "__main__", "message": "Performing startup recovery...", "correlation_id": "none"}
{"timestamp": "2025-09-27T10:41:20.281110Z", "level": "INFO", "module": "utils.graceful_shutdown", "message": "Phase 5: Cleaning up remaining jobs", "correlation_id": "none"}
{"timestamp": "2025-09-27T10:41:20.282169Z", "level": "INFO", "module": "utils.graceful_shutdown", "message": "Graceful shutdown completed successfully", "correlation_id": "none"}
{"timestamp": "2025-09-27T10:41:20.282829Z", "level": "INFO", "module": "apscheduler.scheduler", "message": "Scheduler has been shut down", "correlation_id": "none"}
{"timestamp": "2025-09-27T10:41:20.307613Z", "level": "INFO", "module": "__main__", "message": "Shutdown complete.", "correlation_id": "none"}
{"timestamp": "2025-09-27T10:44:09.520079Z", "level": "DEBUG", "module": "asyncio", "message": "Using selector: EpollSelector", "correlation_id": "none"}
{"timestamp": "2025-09-27T10:44:09.523750Z", "level": "INFO", "module": "utils.graceful_shutdown", "message": "Job queue database initialized", "correlation_id": "none"}
{"timestamp": "2025-09-27T10:44:09.550662Z", "level": "DEBUG", "module": "utils.graceful_shutdown", "message": "GracefulShutdownManager: app attached and shutdown_event bound to running loop", "correlation_id": "none"}
{"timestamp": "2025-09-27T10:44:09.550928Z", "level": "DEBUG", "module": "utils.graceful_shutdown", "message": "Shutdown event created and bound to running loop", "correlation_id": "none"}
{"timestamp": "2025-09-27T10:44:09.551280Z", "level": "INFO", "module": "utils.graceful_shutdown", "message": "Signal handlers registered for graceful shutdown", "correlation_id": "none"}
{"timestamp": "2025-09-27T10:44:09.554659Z", "level": "INFO", "module": "__main__", "message": "Bot is up and running!", "correlation_id": "none"}
{"timestamp": "2025-09-27T10:44:09.555042Z", "level": "INFO", "module": "__main__", "message": "Performing startup recovery...", "correlation_id": "none"}
{"timestamp": "2025-09-27T10:44:09.596563Z", "level": "INFO", "module": "__main__", "message": "Starting clean shutdown of Application and background managers...", "correlation_id": "none"}
{"timestamp": "2025-09-27T10:44:09.597040Z", "level": "INFO", "module": "utils.graceful_shutdown", "message": "Starting graceful shutdown...", "correlation_id": "none"}
{"timestamp": "2025-09-27T10:44:09.597525Z", "level": "INFO", "module": "utils.graceful_shutdown", "message": "GracefulShutdownManager: requesting updater.stop_polling()", "correlation_id": "none"}
{"timestamp": "2025-09-27T10:44:09.597978Z", "level": "INFO", "module": "utils.graceful_shutdown", "message": "GracefulShutdownManager: awaiting updater.shutdown()", "correlation_id": "none"}
{"timestamp": "2025-09-27T10:44:09.598453Z", "level": "INFO", "module": "utils.graceful_shutdown", "message": "GracefulShutdownManager: closing telegram HTTP client", "correlation_id": "none"}
{"timestamp": "2025-09-27T10:44:09.598972Z", "level": "INFO", "module": "utils.graceful_shutdown", "message": "Phase 1: Stopping new work acceptance", "correlation_id": "none"}
{"timestamp": "2025-09-27T10:44:09.599364Z", "level": "INFO", "module": "utils.graceful_shutdown", "message": "Shutting down boost manager...", "correlation_id": "none"}
{"timestamp": "2025-09-27T10:44:09.599896Z", "level": "INFO", "module": "utils.boost_utils", "message": "[BoostManager] Cancelling all active boost tasks.", "correlation_id": "none"}
{"timestamp": "2025-09-27T10:44:09.600377Z", "level": "INFO", "module": "utils.boost_utils", "message": "[BoostManager] No active boost tasks to cancel.", "correlation_id": "none"}
{"timestamp": "2025-09-27T10:44:09.600776Z", "level": "INFO", "module": "utils.graceful_shutdown", "message": "Boost manager shutdown complete", "correlation_id": "none"}
{"timestamp": "2025-09-27T10:44:09.601365Z", "level": "INFO", "module": "utils.graceful_shutdown", "message": "No background tasks to shutdown", "correlation_id": "none"}
{"timestamp": "2025-09-27T10:44:09.601888Z", "level": "INFO", "module": "utils.graceful_shutdown", "message": "Running 1 cleanup callbacks...", "correlation_id": "none"}
{"timestamp": "2025-09-27T10:44:09.602383Z", "level": "INFO", "module": "__main__", "message": "Performing startup recovery...", "correlation_id": "none"}
{"timestamp": "2025-09-27T10:44:09.603527Z", "level": "INFO", "module": "utils.graceful_shutdown", "message": "Phase 5: Cleaning up remaining jobs", "correlation_id": "none"}
{"timestamp": "2025-09-27T10:44:09.604619Z", "level": "INFO", "module": "utils.graceful_shutdown", "message": "Graceful shutdown completed successfully", "correlation_id": "none"}
{"timestamp": "2025-09-27T10:44:09.608953Z", "level": "INFO", "module": "__main__", "message": "Shutdown complete.", "correlation_id": "none"}
{"timestamp": "2025-09-27T10:44:19.456755Z", "level": "DEBUG", "module": "asyncio", "message": "Using selector: EpollSelector", "correlation_id": "none"}
{"timestamp": "2025-09-27T10:44:19.461243Z", "level": "INFO", "module": "utils.graceful_shutdown", "message": "Job queue database initialized", "correlation_id": "none"}
{"timestamp": "2025-09-27T10:44:19.496212Z", "level": "DEBUG", "module": "utils.graceful_shutdown", "message": "GracefulShutdownManager: app attached and shutdown_event bound to running loop", "correlation_id": "none"}
{"timestamp": "2025-09-27T10:44:19.496538Z", "level": "DEBUG", "module": "utils.graceful_shutdown", "message": "Shutdown event created and bound to running loop", "correlation_id": "none"}
{"timestamp": "2025-09-27T10:44:19.496881Z", "level": "INFO", "module": "utils.graceful_shutdown", "message": "Signal handlers registered for graceful shutdown", "correlation_id": "none"}
{"timestamp": "2025-09-27T10:44:19.499371Z", "level": "INFO", "module": "__main__", "message": "Bot is up and running!", "correlation_id": "none"}
{"timestamp": "2025-09-27T10:44:19.499745Z", "level": "INFO", "module": "__main__", "message": "Performing startup recovery...", "correlation_id": "none"}
{"timestamp": "2025-09-27T10:44:20.352049Z", "level": "INFO", "module": "apscheduler.scheduler", "message": "Scheduler started", "correlation_id": "none"}
{"timestamp": "2025-09-27T10:44:20.353196Z", "level": "DEBUG", "module": "apscheduler.scheduler", "message": "Looking for jobs to run", "correlation_id": "none"}
{"timestamp": "2025-09-27T10:44:20.353607Z", "level": "DEBUG", "module": "apscheduler.scheduler", "message": "No jobs; waiting until a job is added", "correlation_id": "none"}
{"timestamp": "2025-09-27T10:44:20.513836Z", "level": "INFO", "module": "__main__", "message": "Updater polling started (via app.updater.start_polling()).", "correlation_id": "none"}
{"timestamp": "2025-09-27T10:44:20.514246Z", "level": "INFO", "module": "__main__", "message": "Waiting for shutdown_event from shutdown_manager...", "correlation_id": "none"}
{"timestamp": "2025-09-27T10:44:24.017506Z", "level": "INFO", "module": "utils.graceful_shutdown", "message": "Received signal 2, initiating graceful shutdown...", "correlation_id": "none"}
{"timestamp": "2025-09-27T10:44:24.018113Z", "level": "INFO", "module": "utils.graceful_shutdown", "message": "Starting graceful shutdown...", "correlation_id": "none"}
{"timestamp": "2025-09-27T10:44:24.018565Z", "level": "INFO", "module": "utils.graceful_shutdown", "message": "GracefulShutdownManager: requesting updater.stop_polling()", "correlation_id": "none"}
{"timestamp": "2025-09-27T10:44:24.018923Z", "level": "INFO", "module": "utils.graceful_shutdown", "message": "GracefulShutdownManager: awaiting updater.shutdown()", "correlation_id": "none"}
{"timestamp": "2025-09-27T10:44:24.019596Z", "level": "INFO", "module": "__main__", "message": "Starting clean shutdown of Application and background managers...", "correlation_id": "none"}
{"timestamp": "2025-09-27T10:44:24.020477Z", "level": "INFO", "module": "apscheduler.scheduler", "message": "Scheduler has been shut down", "correlation_id": "none"}
{"timestamp": "2025-09-27T10:44:24.040422Z", "level": "INFO", "module": "__main__", "message": "Shutdown complete.", "correlation_id": "none"}
{"timestamp": "2025-09-27T10:44:27.356722Z", "level": "DEBUG", "module": "asyncio", "message": "Using selector: EpollSelector", "correlation_id": "none"}
{"timestamp": "2025-09-27T10:44:27.360276Z", "level": "INFO", "module": "utils.graceful_shutdown", "message": "Job queue database initialized", "correlation_id": "none"}
{"timestamp": "2025-09-27T10:44:27.388958Z", "level": "DEBUG", "module": "utils.graceful_shutdown", "message": "GracefulShutdownManager: app attached and shutdown_event bound to running loop", "correlation_id": "none"}
{"timestamp": "2025-09-27T10:44:27.389375Z", "level": "DEBUG", "module": "utils.graceful_shutdown", "message": "Shutdown event created and bound to running loop", "correlation_id": "none"}
{"timestamp": "2025-09-27T10:44:27.389812Z", "level": "INFO", "module": "utils.graceful_shutdown", "message": "Signal handlers registered for graceful shutdown", "correlation_id": "none"}
{"timestamp": "2025-09-27T10:44:27.392671Z", "level": "INFO", "module": "__main__", "message": "Bot is up and running!", "correlation_id": "none"}
{"timestamp": "2025-09-27T10:44:27.393187Z", "level": "INFO", "module": "__main__", "message": "Performing startup recovery...", "correlation_id": "none"}
{"timestamp": "2025-09-27T10:44:29.771356Z", "level": "INFO", "module": "apscheduler.scheduler", "message": "Scheduler started", "correlation_id": "none"}
{"timestamp": "2025-09-27T10:44:29.772411Z", "level": "DEBUG", "module": "apscheduler.scheduler", "message": "Looking for jobs to run", "correlation_id": "none"}
{"timestamp": "2025-09-27T10:44:29.772751Z", "level": "DEBUG", "module": "apscheduler.scheduler", "message": "No jobs; waiting until a job is added", "correlation_id": "none"}
{"timestamp": "2025-09-27T10:44:30.153799Z", "level": "INFO", "module": "__main__", "message": "Updater polling started (via app.updater.start_polling()).", "correlation_id": "none"}
{"timestamp": "2025-09-27T10:44:30.154210Z", "level": "INFO", "module": "__main__", "message": "Waiting for shutdown_event from shutdown_manager...", "correlation_id": "none"}
{"timestamp": "2025-09-27T10:44:32.260138Z", "level": "INFO", "module": "utils.graceful_shutdown", "message": "Received signal 2, initiating graceful shutdown...", "correlation_id": "none"}
{"timestamp": "2025-09-27T10:44:32.260858Z", "level": "INFO", "module": "utils.graceful_shutdown", "message": "Starting graceful shutdown...", "correlation_id": "none"}
{"timestamp": "2025-09-27T10:44:32.261292Z", "level": "INFO", "module": "utils.graceful_shutdown", "message": "GracefulShutdownManager: requesting updater.stop_polling()", "correlation_id": "none"}
{"timestamp": "2025-09-27T10:44:32.261768Z", "level": "INFO", "module": "utils.graceful_shutdown", "message": "GracefulShutdownManager: awaiting updater.shutdown()", "correlation_id": "none"}
{"timestamp": "2025-09-27T10:44:32.265418Z", "level": "INFO", "module": "__main__", "message": "Starting clean shutdown of Application and background managers...", "correlation_id": "none"}
{"timestamp": "2025-09-27T10:44:32.266851Z", "level": "INFO", "module": "apscheduler.scheduler", "message": "Scheduler has been shut down", "correlation_id": "none"}
{"timestamp": "2025-09-27T10:44:32.285461Z", "level": "INFO", "module": "__main__", "message": "Shutdown complete.", "correlation_id": "none"}
{"timestamp": "2025-09-27T13:33:49.271596Z", "level": "DEBUG", "module": "asyncio", "message": "Using selector: EpollSelector", "correlation_id": "none"}
{"timestamp": "2025-09-27T13:33:49.288027Z", "level": "INFO", "module": "utils.graceful_shutdown", "message": "Job queue database initialized", "correlation_id": "none"}
{"timestamp": "2025-09-27T13:33:49.336568Z", "level": "DEBUG", "module": "utils.graceful_shutdown", "message": "GracefulShutdownManager: app attached and shutdown_event bound to running loop", "correlation_id": "none"}
{"timestamp": "2025-09-27T13:33:49.337034Z", "level": "DEBUG", "module": "utils.graceful_shutdown", "message": "Shutdown event created and bound to running loop", "correlation_id": "none"}
{"timestamp": "2025-09-27T13:33:49.337549Z", "level": "INFO", "module": "utils.graceful_shutdown", "message": "Signal handlers registered for graceful shutdown", "correlation_id": "none"}
{"timestamp": "2025-09-27T13:33:49.341065Z", "level": "INFO", "module": "__main__", "message": "Bot is up and running!", "correlation_id": "none"}
{"timestamp": "2025-09-27T13:33:49.341627Z", "level": "INFO", "module": "__main__", "message": "Performing startup recovery...", "correlation_id": "none"}
{"timestamp": "2025-09-27T13:33:50.503549Z", "level": "INFO", "module": "apscheduler.scheduler", "message": "Scheduler started", "correlation_id": "none"}
{"timestamp": "2025-09-27T13:33:50.504973Z", "level": "DEBUG", "module": "apscheduler.scheduler", "message": "Looking for jobs to run", "correlation_id": "none"}
{"timestamp": "2025-09-27T13:33:50.505497Z", "level": "DEBUG", "module": "apscheduler.scheduler", "message": "No jobs; waiting until a job is added", "correlation_id": "none"}
{"timestamp": "2025-09-27T13:33:50.658067Z", "level": "INFO", "module": "__main__", "message": "Updater polling started (via app.updater.start_polling()).", "correlation_id": "none"}
{"timestamp": "2025-09-27T13:33:50.658627Z", "level": "INFO", "module": "__main__", "message": "Waiting for shutdown_event from shutdown_manager...", "correlation_id": "none"}
{"timestamp": "2025-09-27T13:34:04.076921Z", "level": "INFO", "module": "handlers.admin_handlers", "message": "Admin ***ACCOUNT*** accessed main admin panel.", "correlation_id": "none"}
{"timestamp": "2025-09-27T13:36:15.091802Z", "level": "INFO", "module": "handlers.admin_handlers", "message": "Admin ***ACCOUNT*** accessed main admin panel.", "correlation_id": "none"}
{"timestamp": "2025-09-27T13:40:47.850703Z", "level": "INFO", "module": "utils.graceful_shutdown", "message": "Received signal 2, initiating graceful shutdown...", "correlation_id": "none"}
{"timestamp": "2025-09-27T13:40:47.851404Z", "level": "INFO", "module": "utils.graceful_shutdown", "message": "Starting graceful shutdown...", "correlation_id": "none"}
{"timestamp": "2025-09-27T13:40:47.851864Z", "level": "INFO", "module": "utils.graceful_shutdown", "message": "GracefulShutdownManager: requesting updater.stop_polling()", "correlation_id": "none"}
{"timestamp": "2025-09-27T13:40:47.852320Z", "level": "INFO", "module": "utils.graceful_shutdown", "message": "GracefulShutdownManager: awaiting updater.shutdown()", "correlation_id": "none"}
{"timestamp": "2025-09-27T13:40:47.853875Z", "level": "INFO", "module": "__main__", "message": "Starting clean shutdown of Application and background managers...", "correlation_id": "none"}
{"timestamp": "2025-09-27T13:40:47.855719Z", "level": "INFO", "module": "apscheduler.scheduler", "message": "Scheduler has been shut down", "correlation_id": "none"}
{"timestamp": "2025-09-27T13:40:47.918549Z", "level": "INFO", "module": "__main__", "message": "Shutdown complete.", "correlation_id": "none"}
{"timestamp": "2025-09-27T13:40:53.334139Z", "level": "DEBUG", "module": "asyncio", "message": "Using selector: EpollSelector", "correlation_id": "none"}
{"timestamp": "2025-09-27T13:40:53.338908Z", "level": "INFO", "module": "utils.graceful_shutdown", "message": "Job queue database initialized", "correlation_id": "none"}
{"timestamp": "2025-09-27T13:40:53.377414Z", "level": "DEBUG", "module": "utils.graceful_shutdown", "message": "GracefulShutdownManager: app attached and shutdown_event bound to running loop", "correlation_id": "none"}
{"timestamp": "2025-09-27T13:40:53.377707Z", "level": "DEBUG", "module": "utils.graceful_shutdown", "message": "Shutdown event created and bound to running loop", "correlation_id": "none"}
{"timestamp": "2025-09-27T13:40:53.378085Z", "level": "INFO", "module": "utils.graceful_shutdown", "message": "Signal handlers registered for graceful shutdown", "correlation_id": "none"}
{"timestamp": "2025-09-27T13:40:53.381877Z", "level": "INFO", "module": "__main__", "message": "Bot is up and running!", "correlation_id": "none"}
{"timestamp": "2025-09-27T13:40:53.382381Z", "level": "INFO", "module": "__main__", "message": "Performing startup recovery...", "correlation_id": "none"}
{"timestamp": "2025-09-27T13:40:54.125144Z", "level": "INFO", "module": "apscheduler.scheduler", "message": "Scheduler started", "correlation_id": "none"}
{"timestamp": "2025-09-27T13:40:54.126238Z", "level": "DEBUG", "module": "apscheduler.scheduler", "message": "Looking for jobs to run", "correlation_id": "none"}
{"timestamp": "2025-09-27T13:40:54.126536Z", "level": "DEBUG", "module": "apscheduler.scheduler", "message": "No jobs; waiting until a job is added", "correlation_id": "none"}
{"timestamp": "2025-09-27T13:40:54.279433Z", "level": "INFO", "module": "__main__", "message": "Updater polling started (via app.updater.start_polling()).", "correlation_id": "none"}
{"timestamp": "2025-09-27T13:40:54.279874Z", "level": "INFO", "module": "__main__", "message": "Waiting for shutdown_event from shutdown_manager...", "correlation_id": "none"}
{"timestamp": "2025-09-27T13:41:11.230241Z", "level": "INFO", "module": "utils.graceful_shutdown", "message": "Received signal 2, initiating graceful shutdown...", "correlation_id": "none"}
{"timestamp": "2025-09-27T13:41:11.231051Z", "level": "INFO", "module": "utils.graceful_shutdown", "message": "Starting graceful shutdown...", "correlation_id": "none"}
{"timestamp": "2025-09-27T13:41:11.231627Z", "level": "INFO", "module": "utils.graceful_shutdown", "message": "GracefulShutdownManager: requesting updater.stop_polling()", "correlation_id": "none"}
{"timestamp": "2025-09-27T13:41:11.232240Z", "level": "INFO", "module": "utils.graceful_shutdown", "message": "GracefulShutdownManager: awaiting updater.shutdown()", "correlation_id": "none"}
{"timestamp": "2025-09-27T13:41:11.233467Z", "level": "INFO", "module": "__main__", "message": "Starting clean shutdown of Application and background managers...", "correlation_id": "none"}
{"timestamp": "2025-09-27T13:41:11.234527Z", "level": "INFO", "module": "apscheduler.scheduler", "message": "Scheduler has been shut down", "correlation_id": "none"}
{"timestamp": "2025-09-27T13:41:11.253720Z", "level": "INFO", "module": "__main__", "message": "Shutdown complete.", "correlation_id": "none"}
{"timestamp": "2025-09-27T13:44:17.923734Z", "level": "DEBUG", "module": "asyncio", "message": "Using selector: EpollSelector", "correlation_id": "none"}
{"timestamp": "2025-09-27T13:44:17.927768Z", "level": "INFO", "module": "utils.graceful_shutdown", "message": "Job queue database initialized", "correlation_id": "none"}
{"timestamp": "2025-09-27T13:44:17.965288Z", "level": "DEBUG", "module": "utils.graceful_shutdown", "message": "GracefulShutdownManager: app attached and shutdown_event bound to running loop", "correlation_id": "none"}
{"timestamp": "2025-09-27T13:44:17.965664Z", "level": "DEBUG", "module": "utils.graceful_shutdown", "message": "Shutdown event created and bound to running loop", "correlation_id": "none"}
{"timestamp": "2025-09-27T13:44:17.966138Z", "level": "INFO", "module": "utils.graceful_shutdown", "message": "Signal handlers registered for graceful shutdown", "correlation_id": "none"}
{"timestamp": "2025-09-27T13:44:17.968158Z", "level": "INFO", "module": "__main__", "message": "Bot is up and running!", "correlation_id": "none"}
{"timestamp": "2025-09-27T13:44:17.968583Z", "level": "INFO", "module": "__main__", "message": "Performing startup recovery...", "correlation_id": "none"}
{"timestamp": "2025-09-27T13:44:18.706078Z", "level": "INFO", "module": "apscheduler.scheduler", "message": "Scheduler started", "correlation_id": "none"}
{"timestamp": "2025-09-27T13:44:18.707233Z", "level": "DEBUG", "module": "apscheduler.scheduler", "message": "Looking for jobs to run", "correlation_id": "none"}
{"timestamp": "2025-09-27T13:44:18.707706Z", "level": "DEBUG", "module": "apscheduler.scheduler", "message": "No jobs; waiting until a job is added", "correlation_id": "none"}
{"timestamp": "2025-09-27T13:44:18.889493Z", "level": "INFO", "module": "__main__", "message": "Updater polling started (via app.updater.start_polling()).", "correlation_id": "none"}
{"timestamp": "2025-09-27T13:44:18.889911Z", "level": "INFO", "module": "__main__", "message": "Waiting for shutdown_event from shutdown_manager...", "correlation_id": "none"}
{"timestamp": "2025-09-27T13:47:12.262204Z", "level": "INFO", "module": "handlers.admin_handlers", "message": "Admin ***ACCOUNT*** accessed main admin panel.", "correlation_id": "none"}
{"timestamp": "2025-09-27T13:47:17.078254Z", "level": "INFO", "module": "utils.boost_utils", "message": "[Boost] Attempting to fetch balance for provider: smmflare", "correlation_id": "none"}
{"timestamp": "2025-09-27T13:47:18.092748Z", "level": "INFO", "module": "utils.boost_utils", "message": "[Boost] Successfully fetched balance for smmflare: {'balance': '54.5121590', 'currency': 'USD'}", "correlation_id": "none"}
{"timestamp": "2025-09-27T13:47:30.138150Z", "level": "INFO", "module": "utils.boost_provider_utils", "message": "[ProviderConfig] Active provider set to: smmflare in /home/technedict/Desktop/ViralPackage/viralcore/settings/provider_config.json", "correlation_id": "b31a9376"}
{"timestamp": "2025-09-27T13:47:34.381878Z", "level": "INFO", "module": "utils.boost_utils", "message": "[Boost] Attempting to fetch balance for provider: smmflare", "correlation_id": "none"}
{"timestamp": "2025-09-27T13:47:35.288842Z", "level": "INFO", "module": "utils.boost_utils", "message": "[Boost] Successfully fetched balance for smmflare: {'balance': '54.5121590', 'currency': 'USD'}", "correlation_id": "none"}
{"timestamp": "2025-09-27T13:47:47.525607Z", "level": "INFO", "module": "utils.boost_provider_utils", "message": "[ProviderConfig] Active provider set to: plugsmms in /home/technedict/Desktop/ViralPackage/viralcore/settings/provider_config.json", "correlation_id": "c64386d4"}
{"timestamp": "2025-09-27T13:48:09.346477Z", "level": "INFO", "module": "utils.boost_provider_utils", "message": "[ProviderConfig] Active provider set to: smmstone in /home/technedict/Desktop/ViralPackage/viralcore/settings/provider_config.json", "correlation_id": "31c585d2"}
{"timestamp": "2025-09-27T13:48:14.290501Z", "level": "INFO", "module": "utils.boost_utils", "message": "[Boost] Attempting to fetch balance for provider: smmstone", "correlation_id": "none"}
{"timestamp": "2025-09-27T13:48:15.241666Z", "level": "INFO", "module": "utils.boost_utils", "message": "[Boost] Successfully fetched balance for smmstone: {'balance': '0.0032000', 'currency': 'USD'}", "correlation_id": "none"}
{"timestamp": "2025-09-27T13:50:46.431262Z", "level": "INFO", "module": "utils.graceful_shutdown", "message": "Received signal 2, initiating graceful shutdown...", "correlation_id": "none"}
{"timestamp": "2025-09-27T13:50:46.432070Z", "level": "INFO", "module": "utils.graceful_shutdown", "message": "Starting graceful shutdown...", "correlation_id": "none"}
{"timestamp": "2025-09-27T13:50:46.432757Z", "level": "INFO", "module": "utils.graceful_shutdown", "message": "GracefulShutdownManager: requesting updater.stop_polling()", "correlation_id": "none"}
{"timestamp": "2025-09-27T13:50:46.433215Z", "level": "INFO", "module": "utils.graceful_shutdown", "message": "GracefulShutdownManager: awaiting updater.shutdown()", "correlation_id": "none"}
{"timestamp": "2025-09-27T13:50:46.434230Z", "level": "INFO", "module": "__main__", "message": "Starting clean shutdown of Application and background managers...", "correlation_id": "none"}
{"timestamp": "2025-09-27T13:50:46.435374Z", "level": "INFO", "module": "apscheduler.scheduler", "message": "Scheduler has been shut down", "correlation_id": "none"}
{"timestamp": "2025-09-27T13:50:46.455906Z", "level": "INFO", "module": "__main__", "message": "Shutdown complete.", "correlation_id": "none"}
{"timestamp": "2025-09-27T13:50:50.497526Z", "level": "DEBUG", "module": "asyncio", "message": "Using selector: EpollSelector", "correlation_id": "none"}
{"timestamp": "2025-09-27T13:50:50.566283Z", "level": "INFO", "module": "utils.graceful_shutdown", "message": "Job queue database initialized", "correlation_id": "none"}
{"timestamp": "2025-09-27T13:50:50.618200Z", "level": "DEBUG", "module": "utils.graceful_shutdown", "message": "GracefulShutdownManager: app attached and shutdown_event bound to running loop", "correlation_id": "none"}
{"timestamp": "2025-09-27T13:50:50.618599Z", "level": "DEBUG", "module": "utils.graceful_shutdown", "message": "Shutdown event created and bound to running loop", "correlation_id": "none"}
{"timestamp": "2025-09-27T13:50:50.618957Z", "level": "INFO", "module": "utils.graceful_shutdown", "message": "Signal handlers registered for graceful shutdown", "correlation_id": "none"}
{"timestamp": "2025-09-27T13:50:50.623062Z", "level": "INFO", "module": "__main__", "message": "Bot is up and running!", "correlation_id": "none"}
{"timestamp": "2025-09-27T13:50:50.623848Z", "level": "INFO", "module": "__main__", "message": "Performing startup recovery...", "correlation_id": "none"}
{"timestamp": "2025-09-27T13:50:51.260884Z", "level": "INFO", "module": "apscheduler.scheduler", "message": "Scheduler started", "correlation_id": "none"}
{"timestamp": "2025-09-27T13:50:51.262294Z", "level": "DEBUG", "module": "apscheduler.scheduler", "message": "Looking for jobs to run", "correlation_id": "none"}
{"timestamp": "2025-09-27T13:50:51.262714Z", "level": "DEBUG", "module": "apscheduler.scheduler", "message": "No jobs; waiting until a job is added", "correlation_id": "none"}
{"timestamp": "2025-09-27T13:50:51.408054Z", "level": "INFO", "module": "__main__", "message": "Updater polling started (via app.updater.start_polling()).", "correlation_id": "none"}
{"timestamp": "2025-09-27T13:50:51.408568Z", "level": "INFO", "module": "__main__", "message": "Waiting for shutdown_event from shutdown_manager...", "correlation_id": "none"}
{"timestamp": "2025-09-27T13:50:58.764056Z", "level": "INFO", "module": "utils.boost_provider_utils", "message": "[ProviderConfig] Active provider set to: plugsmms in /home/technedict/Desktop/ViralPackage/viralcore/settings/provider_config.json", "correlation_id": "56662240"}
{"timestamp": "2025-09-27T13:50:58.941239Z", "level": "DEBUG", "module": "utils.messaging", "message": "Sending message with MarkdownV2 parse mode", "correlation_id": "56662240"}
{"timestamp": "2025-09-27T13:50:59.178601Z", "level": "INFO", "module": "handlers.admin_handlers", "message": "Admin ***ACCOUNT*** successfully switched boost provider to plugsmms", "correlation_id": "56662240", "user_id": 6030280354, "provider_name": "plugsmms"}
{"timestamp": "2025-09-27T13:50:59.180260Z", "level": "INFO", "module": "handlers.admin_handlers", "message": "Admin ***ACCOUNT*** attempted to switch boost provider to plugsmms.", "correlation_id": "none"}
{"timestamp": "2025-09-27T13:51:09.848176Z", "level": "INFO", "module": "utils.boost_provider_utils", "message": "[ProviderConfig] Active provider set to: plugsmms in /home/technedict/Desktop/ViralPackage/viralcore/settings/provider_config.json", "correlation_id": "90786c78"}
{"timestamp": "2025-09-27T13:51:10.076923Z", "level": "DEBUG", "module": "utils.messaging", "message": "Sending message with MarkdownV2 parse mode", "correlation_id": "90786c78"}
{"timestamp": "2025-09-27T13:51:10.364286Z", "level": "INFO", "module": "handlers.admin_handlers", "message": "Admin ***ACCOUNT*** successfully switched boost provider to plugsmms", "correlation_id": "90786c78", "user_id": 6030280354, "provider_name": "plugsmms"}
{"timestamp": "2025-09-27T13:51:10.365669Z", "level": "INFO", "module": "handlers.admin_handlers", "message": "Admin ***ACCOUNT*** attempted to switch boost provider to plugsmms.", "correlation_id": "none"}
{"timestamp": "2025-09-27T13:53:33.969087Z", "level": "INFO", "module": "utils.graceful_shutdown", "message": "Received signal 2, initiating graceful shutdown...", "correlation_id": "none"}
{"timestamp": "2025-09-27T13:53:33.969873Z", "level": "INFO", "module": "utils.graceful_shutdown", "message": "Starting graceful shutdown...", "correlation_id": "none"}
{"timestamp": "2025-09-27T13:53:33.970445Z", "level": "INFO", "module": "utils.graceful_shutdown", "message": "GracefulShutdownManager: requesting updater.stop_polling()", "correlation_id": "none"}
{"timestamp": "2025-09-27T13:53:33.970926Z", "level": "INFO", "module": "utils.graceful_shutdown", "message": "GracefulShutdownManager: awaiting updater.shutdown()", "correlation_id": "none"}
{"timestamp": "2025-09-27T13:53:33.972135Z", "level": "INFO", "module": "__main__", "message": "Starting clean shutdown of Application and background managers...", "correlation_id": "none"}
{"timestamp": "2025-09-27T13:53:33.973481Z", "level": "INFO", "module": "apscheduler.scheduler", "message": "Scheduler has been shut down", "correlation_id": "none"}
{"timestamp": "2025-09-27T13:53:33.994056Z", "level": "INFO", "module": "__main__", "message": "Shutdown complete.", "correlation_id": "none"}
{"timestamp": "2025-09-27T14:17:23.842748Z", "level": "DEBUG", "module": "asyncio", "message": "Using selector: EpollSelector", "correlation_id": "none"}
{"timestamp": "2025-09-27T14:17:23.888581Z", "level": "INFO", "module": "utils.graceful_shutdown", "message": "Job queue database initialized", "correlation_id": "none"}
{"timestamp": "2025-09-27T14:17:23.939285Z", "level": "DEBUG", "module": "utils.graceful_shutdown", "message": "GracefulShutdownManager: app attached and shutdown_event bound to running loop", "correlation_id": "none"}
{"timestamp": "2025-09-27T14:17:23.939759Z", "level": "DEBUG", "module": "utils.graceful_shutdown", "message": "Shutdown event created and bound to running loop", "correlation_id": "none"}
{"timestamp": "2025-09-27T14:17:23.940154Z", "level": "INFO", "module": "utils.graceful_shutdown", "message": "Signal handlers registered for graceful shutdown", "correlation_id": "none"}
{"timestamp": "2025-09-27T14:17:23.942496Z", "level": "INFO", "module": "__main__", "message": "Bot is up and running!", "correlation_id": "none"}
{"timestamp": "2025-09-27T14:17:23.942871Z", "level": "INFO", "module": "__main__", "message": "Performing startup recovery...", "correlation_id": "none"}
{"timestamp": "2025-09-27T14:17:24.621756Z", "level": "INFO", "module": "apscheduler.scheduler", "message": "Scheduler started", "correlation_id": "none"}
{"timestamp": "2025-09-27T14:17:24.622796Z", "level": "DEBUG", "module": "apscheduler.scheduler", "message": "Looking for jobs to run", "correlation_id": "none"}
{"timestamp": "2025-09-27T14:17:24.623066Z", "level": "DEBUG", "module": "apscheduler.scheduler", "message": "No jobs; waiting until a job is added", "correlation_id": "none"}
{"timestamp": "2025-09-27T14:17:24.774267Z", "level": "INFO", "module": "__main__", "message": "Updater polling started (via app.updater.start_polling()).", "correlation_id": "none"}
{"timestamp": "2025-09-27T14:17:24.774686Z", "level": "INFO", "module": "__main__", "message": "Waiting for shutdown_event from shutdown_manager...", "correlation_id": "none"}
{"timestamp": "2025-09-27T14:17:36.398042Z", "level": "INFO", "module": "utils.graceful_shutdown", "message": "Received signal 2, initiating graceful shutdown...", "correlation_id": "none"}
{"timestamp": "2025-09-27T14:17:36.398865Z", "level": "INFO", "module": "utils.graceful_shutdown", "message": "Starting graceful shutdown...", "correlation_id": "none"}
{"timestamp": "2025-09-27T14:17:36.399357Z", "level": "INFO", "module": "utils.graceful_shutdown", "message": "GracefulShutdownManager: requesting updater.stop_polling()", "correlation_id": "none"}
{"timestamp": "2025-09-27T14:17:36.399822Z", "level": "INFO", "module": "utils.graceful_shutdown", "message": "GracefulShutdownManager: awaiting updater.shutdown()", "correlation_id": "none"}
{"timestamp": "2025-09-27T14:17:36.400715Z", "level": "INFO", "module": "__main__", "message": "Starting clean shutdown of Application and background managers...", "correlation_id": "none"}
{"timestamp": "2025-09-27T14:17:36.401884Z", "level": "INFO", "module": "apscheduler.scheduler", "message": "Scheduler has been shut down", "correlation_id": "none"}
{"timestamp": "2025-09-27T14:17:36.422828Z", "level": "INFO", "module": "__main__", "message": "Shutdown complete.", "correlation_id": "none"}
{"timestamp": "2025-09-27T14:17:38.705859Z", "level": "DEBUG", "module": "asyncio", "message": "Using selector: EpollSelector", "correlation_id": "none"}
{"timestamp": "2025-09-27T14:17:38.710577Z", "level": "INFO", "module": "utils.graceful_shutdown", "message": "Job queue database initialized", "correlation_id": "none"}
{"timestamp": "2025-09-27T14:17:38.750738Z", "level": "DEBUG", "module": "utils.graceful_shutdown", "message": "GracefulShutdownManager: app attached and shutdown_event bound to running loop", "correlation_id": "none"}
{"timestamp": "2025-09-27T14:17:38.751073Z", "level": "DEBUG", "module": "utils.graceful_shutdown", "message": "Shutdown event created and bound to running loop", "correlation_id": "none"}
{"timestamp": "2025-09-27T14:17:38.751491Z", "level": "INFO", "module": "utils.graceful_shutdown", "message": "Signal handlers registered for graceful shutdown", "correlation_id": "none"}
{"timestamp": "2025-09-27T14:17:38.754953Z", "level": "INFO", "module": "__main__", "message": "Bot is up and running!", "correlation_id": "none"}
{"timestamp": "2025-09-27T14:17:38.755494Z", "level": "INFO", "module": "__main__", "message": "Performing startup recovery...", "correlation_id": "none"}
{"timestamp": "2025-09-27T14:17:40.355069Z", "level": "INFO", "module": "apscheduler.scheduler", "message": "Scheduler started", "correlation_id": "none"}
{"timestamp": "2025-09-27T14:17:40.356130Z", "level": "DEBUG", "module": "apscheduler.scheduler", "message": "Looking for jobs to run", "correlation_id": "none"}
{"timestamp": "2025-09-27T14:17:40.356484Z", "level": "DEBUG", "module": "apscheduler.scheduler", "message": "No jobs; waiting until a job is added", "correlation_id": "none"}
{"timestamp": "2025-09-27T14:17:40.525442Z", "level": "INFO", "module": "__main__", "message": "Updater polling started (via app.updater.start_polling()).", "correlation_id": "none"}
{"timestamp": "2025-09-27T14:17:40.526035Z", "level": "INFO", "module": "__main__", "message": "Waiting for shutdown_event from shutdown_manager...", "correlation_id": "none"}
{"timestamp": "2025-09-27T14:17:52.343572Z", "level": "INFO", "module": "handlers.admin_handlers", "message": "Admin ***ACCOUNT*** accessed main admin panel.", "correlation_id": "none"}
